<?xml version="1.0" encoding="UTF-8" ?>
<testsuite failures="0" time="0.034" errors="0" skipped="0" tests="1" name="com.coremedia.codekatas.FizzBuzzTest">
  <properties>
    <property name="java.runtime.name" value="Java(TM) SE Runtime Environment"/>
    <property name="sun.boot.library.path" value="C:\apps\Java\jdk1.6\jre\bin"/>
    <property name="java.vm.version" value="20.0-b11"/>
    <property name="java.vm.vendor" value="Sun Microsystems Inc."/>
    <property name="java.vendor.url" value="http://java.sun.com/"/>
    <property name="path.separator" value=";"/>
    <property name="java.vm.name" value="Java HotSpot(TM) Client VM"/>
    <property name="file.encoding.pkg" value="sun.io"/>
    <property name="user.country" value="DE"/>
    <property name="sun.java.launcher" value="SUN_STANDARD"/>
    <property name="sun.os.patch.level" value="Service Pack 1"/>
    <property name="java.vm.specification.name" value="Java Virtual Machine Specification"/>
    <property name="user.dir" value="C:\Users\khoelsch\workspaces\CodeKatas\FizzBuzzKata"/>
    <property name="java.runtime.version" value="1.6.0_25-b06"/>
    <property name="java.awt.graphicsenv" value="sun.awt.Win32GraphicsEnvironment"/>
    <property name="basedir" value="C:\Users\khoelsch\workspaces\CodeKatas\FizzBuzzKata"/>
    <property name="java.endorsed.dirs" value="C:\apps\Java\jdk1.6\jre\lib\endorsed"/>
    <property name="os.arch" value="x86"/>
    <property name="surefire.real.class.path" value="C:\Users\khoelsch\workspaces\CodeKatas\FizzBuzzKata\target\surefire\surefirebooter1933367048787697179.jar"/>
    <property name="java.io.tmpdir" value="C:\Users\khoelsch\AppData\Local\Temp\"/>
    <property name="line.separator" value="
"/>
    <property name="java.vm.specification.vendor" value="Sun Microsystems Inc."/>
    <property name="user.variant" value=""/>
    <property name="os.name" value="Windows 7"/>
    <property name="sun.jnu.encoding" value="Cp1252"/>
    <property name="java.library.path" value="C:\apps\Java\jdk1.6\jre\bin;.;C:\Windows\Sun\Java\bin;C:\Windows\system32;C:\Windows;C:\apps\msysgit\msysgit\cmd;C:\apps\msysgit\msysgit\mingw;C:\apps\Apache Software Foundation\apache-maven-3.0.3\bin;C:\apps\wac;C:\apps\Java\jdk1.6\bin;C:\Windows\system32;C:\Windows;C:\Windows\System32\Wbem;C:\Windows\System32\WindowsPowerShell\v1.0\;C:\Program Files\MySQL\MySQL Server 5.5\bin;C:\Program Files\MySQL\MySQL Server 5.1\bin;C:\apps\Perforce;C:\apps\SlikSvn\bin\;C:\Program Files (x86)\Git\cmd"/>
    <property name="surefire.test.class.path" value="C:\Users\khoelsch\workspaces\CodeKatas\FizzBuzzKata\target\test-classes;C:\Users\khoelsch\workspaces\CodeKatas\FizzBuzzKata\target\classes;C:\Users\khoelsch\.m2\repository\junit\junit\4.9\junit-4.9.jar;C:\Users\khoelsch\.m2\repository\org\hamcrest\hamcrest-core\1.1\hamcrest-core-1.1.jar;"/>
    <property name="java.specification.name" value="Java Platform API Specification"/>
    <property name="java.class.version" value="50.0"/>
    <property name="sun.management.compiler" value="HotSpot Client Compiler"/>
    <property name="os.version" value="6.1"/>
    <property name="user.home" value="C:\Users\khoelsch"/>
    <property name="user.timezone" value=""/>
    <property name="java.awt.printerjob" value="sun.awt.windows.WPrinterJob"/>
    <property name="java.specification.version" value="1.6"/>
    <property name="file.encoding" value="Cp1252"/>
    <property name="user.name" value="khoelsch"/>
    <property name="java.class.path" value="C:\Users\khoelsch\workspaces\CodeKatas\FizzBuzzKata\target\test-classes;C:\Users\khoelsch\workspaces\CodeKatas\FizzBuzzKata\target\classes;C:\Users\khoelsch\.m2\repository\junit\junit\4.9\junit-4.9.jar;C:\Users\khoelsch\.m2\repository\org\hamcrest\hamcrest-core\1.1\hamcrest-core-1.1.jar;"/>
    <property name="java.vm.specification.version" value="1.0"/>
    <property name="sun.arch.data.model" value="32"/>
    <property name="java.home" value="C:\apps\Java\jdk1.6\jre"/>
    <property name="sun.java.command" value="C:\Users\khoelsch\workspaces\CodeKatas\FizzBuzzKata\target\surefire\surefirebooter1933367048787697179.jar C:\Users\khoelsch\workspaces\CodeKatas\FizzBuzzKata\target\surefire\surefire1999597124305264613tmp C:\Users\khoelsch\workspaces\CodeKatas\FizzBuzzKata\target\surefire\surefire374308043844736218tmp"/>
    <property name="java.specification.vendor" value="Sun Microsystems Inc."/>
    <property name="user.language" value="de"/>
    <property name="awt.toolkit" value="sun.awt.windows.WToolkit"/>
    <property name="java.vm.info" value="mixed mode, sharing"/>
    <property name="java.version" value="1.6.0_25"/>
    <property name="java.ext.dirs" value="C:\apps\Java\jdk1.6\jre\lib\ext;C:\Windows\Sun\Java\lib\ext"/>
    <property name="sun.boot.class.path" value="C:\apps\Java\jdk1.6\jre\lib\resources.jar;C:\apps\Java\jdk1.6\jre\lib\rt.jar;C:\apps\Java\jdk1.6\jre\lib\sunrsasign.jar;C:\apps\Java\jdk1.6\jre\lib\jsse.jar;C:\apps\Java\jdk1.6\jre\lib\jce.jar;C:\apps\Java\jdk1.6\jre\lib\charsets.jar;C:\apps\Java\jdk1.6\jre\lib\modules\jdk.boot.jar;C:\apps\Java\jdk1.6\jre\classes"/>
    <property name="java.vendor" value="Sun Microsystems Inc."/>
    <property name="localRepository" value="C:\Users\khoelsch\.m2\repository"/>
    <property name="file.separator" value="\"/>
    <property name="java.vendor.url.bug" value="http://java.sun.com/cgi-bin/bugreport.cgi"/>
    <property name="sun.cpu.endian" value="little"/>
    <property name="sun.io.unicode.encoding" value="UnicodeLittle"/>
    <property name="sun.desktop" value="windows"/>
    <property name="sun.cpu.isalist" value="pentium_pro+mmx pentium_pro pentium+mmx pentium i486 i386 i86"/>
  </properties>
  <testcase time="0" classname="com.coremedia.codekatas.FizzBuzzTest" name="allowSwiching"/>
</testsuite>